#
# There is insufficient memory for the Java Runtime Environment to continue.
# Native memory allocation (mmap) failed to map 398458880 bytes for G1 virtual space
# Possible reasons:
#   The system is out of physical RAM or swap space
#   The process is running with CompressedOops enabled, and the Java Heap may be blocking the growth of the native heap
# Possible solutions:
#   Reduce memory load on the system
#   Increase physical memory or swap space
#   Check if swap backing store is full
#   Decrease Java heap size (-Xmx/-Xms)
#   Decrease number of Java threads
#   Decrease Java thread stack sizes (-Xss)
#   Set larger code cache with -XX:ReservedCodeCacheSize=
#   JVM is running with Zero Based Compressed Oops mode in which the Java heap is
#     placed in the first 32GB address space. The Java Heap base address is the
#     maximum limit for the native heap growth. Please use -XX:HeapBaseMinAddress
#     to set the Java Heap base and to place the Java Heap above 32GB virtual address.
# This output file may be truncated or incomplete.
#
#  Out of Memory Error (os_windows.cpp:3603), pid=4748, tid=6468
#
# JRE version:  (21.0.7+8) (build )
# Java VM: Java HotSpot(TM) 64-Bit Server VM (21.0.7+8-LTS-245, mixed mode, sharing, tiered, compressed oops, compressed class ptrs, g1 gc, windows-amd64)
# No core dump will be written. Minidumps are not enabled by default on client versions of Windows
#

---------------  S U M M A R Y ------------

Command Line: -Dnet.bytebuddy.agent.attacher.dump= net.bytebuddy.agent.Attacher com.sun.tools.attach.VirtualMachine 19460 C:\Users\pubud\.m2\repository\net\bytebuddy\byte-buddy-agent\1.17.8\byte-buddy-agent-1.17.8.jar false 

Host: 11th Gen Intel(R) Core(TM) i5-1135G7 @ 2.40GHz, 8 cores, 23G,  Windows 11 , 64 bit Build 26100 (10.0.26100.7920)
Time: Wed Apr  1 00:53:50 2026 Sri Lanka Standard Time elapsed time: 1.444142 seconds (0d 0h 0m 1s)

---------------  T H R E A D  ---------------

Current thread (0x000001fb47844fe0):  JavaThread "Unknown thread" [_thread_in_vm, id=6468, stack(0x000000174b500000,0x000000174b600000) (1024K)]

Stack: [0x000000174b500000,0x000000174b600000]
Native frames: (J=compiled Java code, j=interpreted, Vv=VM code, C=native code)
V  [jvm.dll+0x6cae19]
V  [jvm.dll+0x855741]
V  [jvm.dll+0x857c6e]
V  [jvm.dll+0x858343]
V  [jvm.dll+0x27e0b6]
V  [jvm.dll+0x6c7595]
V  [jvm.dll+0x6bc0fa]
V  [jvm.dll+0x353eaa]
V  [jvm.dll+0x35bb26]
V  [jvm.dll+0x3ae52e]
V  [jvm.dll+0x3ae7d8]
V  [jvm.dll+0x3281bc]
V  [jvm.dll+0x328d1b]
V  [jvm.dll+0x81eaf9]
V  [jvm.dll+0x3bb211]
V  [jvm.dll+0x807d78]
V  [jvm.dll+0x4503ee]
V  [jvm.dll+0x451fe1]
C  [jli.dll+0x52a3]
C  [ucrtbase.dll+0x37b0]
C  [KERNEL32.DLL+0x2e8d7]
C  [ntdll.dll+0x8c48c]


---------------  P R O C E S S  ---------------

Threads class SMR info:
_java_thread_list=0x00007fff3ad7cc48, length=0, elements={
}

Java Threads: ( => current thread )
Total: 0

Other Threads:
  0x000001fb478c0db0 WorkerThread "GC Thread#0"                     [id=20944, stack(0x000000174b600000,0x000000174b700000) (1024K)]
  0x000001fb478cfb40 ConcurrentGCThread "G1 Main Marker"            [id=7680, stack(0x000000174b700000,0x000000174b800000) (1024K)]
  0x000001fb478d14c0 WorkerThread "G1 Conc#0"                       [id=6784, stack(0x000000174b800000,0x000000174b900000) (1024K)]

[error occurred during error reporting (printing all threads), id 0xc0000005, EXCEPTION_ACCESS_VIOLATION (0xc0000005) at pc=0x00007fff3a4ea947]
VM state: not at safepoint (not fully initialized)

VM Mutex/Monitor currently owned by a thread:  ([mutex/lock_event])
[0x00007fff3adedf50] Heap_lock - owner thread: 0x000001fb47844fe0

Heap address: 0x0000000684c00000, size: 6068 MB, Compressed Oops mode: Zero based, Oop shift amount: 3

CDS archive(s) mapped at: [0x0000000000000000-0x0000000000000000-0x0000000000000000), size 0, SharedBaseAddress: 0x0000000800000000, ArchiveRelocationMode: 1.
Narrow klass base: 0x0000000000000000, Narrow klass shift: 0, Narrow klass range: 0x0

GC Precious Log:
 CardTable entry size: 512
 Card Set container configuration: InlinePtr #cards 4 size 8 Array Of Cards #cards 32 size 80 Howl #buckets 8 coarsen threshold 7372 Howl Bitmap #cards 1024 size 144 coarsen threshold 921 Card regions per heap region 1 cards per card region 8192

Heap:
 garbage-first heap   total 0K, used 0K [0x0000000684c00000, 0x0000000800000000)
  region size 4096K, 0 young (0K), 0 survivors (0K)

[error occurred during error reporting (printing heap information), id 0xc0000005, EXCEPTION_ACCESS_VIOLATION (0xc0000005) at pc=0x00007fff3a8d3e79]
GC Heap History (0 events):
No events

Dll operation events (1 events):
Event: 0.008 Loaded shared library C:\Program Files\Java\jdk-21\bin\java.dll

Deoptimization events (0 events):
No events

Classes loaded (0 events):
No events

Classes unloaded (0 events):
No events

Classes redefined (0 events):
No events

Internal exceptions (0 events):
No events

ZGC Phase Switch (0 events):
No events

VM Operations (0 events):
No events

Events (0 events):
No events


Dynamic libraries:
0x00007ff703b90000 - 0x00007ff703ba0000 	C:\Program Files\Java\jdk-21\bin\java.exe
0x00007ff816b20000 - 0x00007ff816d87000 	C:\Windows\SYSTEM32\ntdll.dll
0x00007ff815b80000 - 0x00007ff815c49000 	C:\Windows\System32\KERNEL32.DLL
0x00007ff8137f0000 - 0x00007ff813be1000 	C:\Windows\System32\KERNELBASE.dll
0x00007ff814770000 - 0x00007ff8148bb000 	C:\Windows\System32\ucrtbase.dll
0x00007fff3af80000 - 0x00007fff3af9b000 	C:\Program Files\Java\jdk-21\bin\VCRUNTIME140.dll
0x00007fff3af60000 - 0x00007fff3af79000 	C:\Program Files\Java\jdk-21\bin\jli.dll
0x00007ff815f40000 - 0x00007ff815ffb000 	C:\Windows\System32\ADVAPI32.dll
0x00007ff814ff0000 - 0x00007ff815099000 	C:\Windows\System32\msvcrt.dll
0x00007ff8165a0000 - 0x00007ff816647000 	C:\Windows\System32\sechost.dll
0x00007ff814e50000 - 0x00007ff814f68000 	C:\Windows\System32\RPCRT4.dll
0x00007ff816040000 - 0x00007ff816205000 	C:\Windows\System32\USER32.dll
0x00007ff8145d0000 - 0x00007ff8145f7000 	C:\Windows\System32\win32u.dll
0x00007ff815940000 - 0x00007ff81596b000 	C:\Windows\System32\GDI32.dll
0x00007ffff1110000 - 0x00007ffff13a3000 	C:\Windows\WinSxS\amd64_microsoft.windows.common-controls_6595b64144ccf1df_6.0.26100.8037_none_3e092faae333b53b\COMCTL32.dll
0x00007ff8134b0000 - 0x00007ff8135db000 	C:\Windows\System32\gdi32full.dll
0x00007ff814520000 - 0x00007ff8145c3000 	C:\Windows\System32\msvcp_win.dll
0x00007ff8096b0000 - 0x00007ff8096bb000 	C:\Windows\SYSTEM32\VERSION.dll
0x00007ff816000000 - 0x00007ff816031000 	C:\Windows\System32\IMM32.DLL
0x00007fffd3180000 - 0x00007fffd318c000 	C:\Program Files\Java\jdk-21\bin\vcruntime140_1.dll
0x00007fff3aed0000 - 0x00007fff3af5e000 	C:\Program Files\Java\jdk-21\bin\msvcp140.dll
0x00007fff3a1b0000 - 0x00007fff3aeca000 	C:\Program Files\Java\jdk-21\bin\server\jvm.dll
0x00007ff815c50000 - 0x00007ff815cc4000 	C:\Windows\System32\WS2_32.dll
0x00007ff813260000 - 0x00007ff8132be000 	C:\Windows\SYSTEM32\POWRPROF.dll
0x00007ff803950000 - 0x00007ff803985000 	C:\Windows\SYSTEM32\WINMM.dll
0x00007ff813240000 - 0x00007ff813254000 	C:\Windows\SYSTEM32\UMPDC.dll
0x00007ff812160000 - 0x00007ff81217b000 	C:\Windows\SYSTEM32\kernel.appcore.dll
0x00007fffd3040000 - 0x00007fffd304a000 	C:\Program Files\Java\jdk-21\bin\jimage.dll
0x00007ff811180000 - 0x00007ff8113c2000 	C:\Windows\SYSTEM32\DBGHELP.DLL
0x00007ff814960000 - 0x00007ff814ce2000 	C:\Windows\System32\combase.dll
0x00007ff815970000 - 0x00007ff815a47000 	C:\Windows\System32\OLEAUT32.dll
0x00007fffed600000 - 0x00007fffed63b000 	C:\Windows\SYSTEM32\dbgcore.DLL
0x00007ff813400000 - 0x00007ff8134a5000 	C:\Windows\System32\bcryptPrimitives.dll
0x00007fff3a190000 - 0x00007fff3a1af000 	C:\Program Files\Java\jdk-21\bin\java.dll

dbghelp: loaded successfully - version: 4.0.5 - missing functions: none
symbol engine: initialized successfully - sym options: 0x614 - pdb path: .;C:\Program Files\Java\jdk-21\bin;C:\Windows\SYSTEM32;C:\Windows\WinSxS\amd64_microsoft.windows.common-controls_6595b64144ccf1df_6.0.26100.8037_none_3e092faae333b53b;C:\Program Files\Java\jdk-21\bin\server

VM Arguments:
jvm_args: -Dnet.bytebuddy.agent.attacher.dump= 
java_command: net.bytebuddy.agent.Attacher com.sun.tools.attach.VirtualMachine 19460 C:\Users\pubud\.m2\repository\net\bytebuddy\byte-buddy-agent\1.17.8\byte-buddy-agent-1.17.8.jar false 
java_class_path (initial): C:\Users\pubud\.m2\repository\net\bytebuddy\byte-buddy-agent\1.17.8\byte-buddy-agent-1.17.8.jar
Launcher Type: SUN_STANDARD

[Global flags]
     intx CICompilerCount                          = 4                                         {product} {ergonomic}
     uint ConcGCThreads                            = 2                                         {product} {ergonomic}
     uint G1ConcRefinementThreads                  = 8                                         {product} {ergonomic}
   size_t G1HeapRegionSize                         = 4194304                                   {product} {ergonomic}
    uintx GCDrainStackTargetSize                   = 64                                        {product} {ergonomic}
   size_t InitialHeapSize                          = 398458880                                 {product} {ergonomic}
   size_t MarkStackSize                            = 4194304                                   {product} {ergonomic}
   size_t MaxHeapSize                              = 6362759168                                {product} {ergonomic}
   size_t MinHeapDeltaBytes                        = 4194304                                   {product} {ergonomic}
   size_t MinHeapSize                              = 8388608                                   {product} {ergonomic}
    uintx NonNMethodCodeHeapSize                   = 5839372                                {pd product} {ergonomic}
    uintx NonProfiledCodeHeapSize                  = 122909434                              {pd product} {ergonomic}
    uintx ProfiledCodeHeapSize                     = 122909434                              {pd product} {ergonomic}
    uintx ReservedCodeCacheSize                    = 251658240                              {pd product} {ergonomic}
     bool SegmentedCodeCache                       = true                                      {product} {ergonomic}
   size_t SoftMaxHeapSize                          = 6362759168                             {manageable} {ergonomic}
     bool UseCompressedOops                        = true                           {product lp64_product} {ergonomic}
     bool UseG1GC                                  = true                                      {product} {ergonomic}
     bool UseLargePagesIndividualAllocation        = false                                  {pd product} {ergonomic}

Logging:
Log output configuration:
 #0: stdout all=warning uptime,level,tags foldmultilines=false
 #1: stderr all=off uptime,level,tags foldmultilines=false

Environment Variables:
JAVA_HOME=C:\Program Files\Java\jdk-21
PATH=C:\Program Files\Microsoft VS Code;C:\Program Files\Common Files\Oracle\Java\javapath;C:\Windows\system32;C:\Windows;C:\Windows\System32\Wbem;C:\Windows\System32\WindowsPowerShell\v1.0\;C:\Windows\System32\OpenSSH\;C:\Program Files (x86)\NVIDIA Corporation\PhysX\Common;C:\ProgramData\chocolatey\bin;C:\Program Files\Amazon\AWSCLIV2\;C:\Program Files\PuTTY\;C:\Terraform;C:\Users\pubud\AppData\Local\Android\Sdk\cmdline-tools\latest\bin;C:\Users\pubud\AppData\Local\Android\Sdk\platform-tools;C:\Gradle\gradle-8.12.1\bin;C:\Program Files\Microsoft VS Code\bin;C:\Users\pubud\AppData\Roaming\Python\Python313\Scripts;C:\Users\pubud\AppData\Local\nvm;C:\nvm4w\nodejs;C:\Users\pubud\AppData\Local\nvm;C:\Program Files\MySQL\MySQL Server 8.0\bin;C:\Program Files\dotnet\;C:\Users\pubud\AppData\Local\Programs\Python\Python311\Scripts;C:\flutter SDK\flutter\bin;C:\Users\pubud\AppData\Local\Pub\Cache\bin;C:\Users\pubud\AppData\Roaming\Python\Python312\Scripts;C:\Program Files\JetBrains\IntelliJ IDEA 2024.1\plugins\maven\lib\maven3\bin;C:\Program Files\Java\jdk-21\bin;C:\Users\pubud\AppData\Local\Android\Sdk\platform-tools;C:\Users\pubud\AppData\Local\Android\Sdk\emulator;C:\Program Files\Git\cmd;C:\Program Files\PowerShell\7\;C:\Users\pubud\AppData\Local\pnpm;C:\Users\pubud\AppData\Local\Programs\Python\Python311\Scripts\;C:\Users\pubud\AppData\Local\Programs\Python\Python311\;C:\Users\pubud\AppData\Local\Microsoft\WindowsApps;C:\Program Files\JetBrains\IntelliJ IDEA 2024.1\bin;C:\Users\pubud\AppData\Local\GitHubDesktop\bin;C:\Users\pubud\AppData\Roaming\npm;C:\Program Files\JetBrains\WebStorm 2025.3.2\bin
USERNAME=pubud
LANG=en_US.UTF-8
LC_ALL=en_US.UTF-8
OS=Windows_NT
PROCESSOR_IDENTIFIER=Intel64 Family 6 Model 140 Stepping 1, GenuineIntel
TMP=C:\Users\pubud\AppData\Local\Temp
TEMP=C:\Users\pubud\AppData\Local\Temp




Periodic native trim disabled

---------------  S Y S T E M  ---------------

OS:
 Windows 11 , 64 bit Build 26100 (10.0.26100.7920)
OS uptime: 0 days 5:29 hours
Hyper-V role detected

CPU: total 8 (initial active 8) (4 cores per cpu, 2 threads per core) family 6 model 140 stepping 1 microcode 0xa6, cx8, cmov, fxsr, ht, mmx, 3dnowpref, sse, sse2, sse3, ssse3, sse4.1, sse4.2, popcnt, lzcnt, tsc, tscinvbit, avx, avx2, aes, erms, clmul, bmi1, bmi2, adx, avx512f, avx512dq, avx512cd, avx512bw, avx512vl, sha, fma, vzeroupper, avx512_vpopcntdq, avx512_vpclmulqdq, avx512_vaes, avx512_vnni, clflush, clflushopt, clwb, avx512_vbmi2, avx512_vbmi, hv, rdtscp, rdpid, fsrm, gfni, avx512_bitalg, f16c, cet_ibt, cet_ss, avx512_ifma
Processor Information for all 8 processors :
  Max Mhz: 2419, Current Mhz: 2419, Mhz Limit: 2419

Memory: 4k page, system-wide physical 24270M (4949M free)
TotalPageFile size 24270M (AvailPageFile size 233M)
current process WorkingSet (physical memory assigned to process): 12M, peak: 12M
current process commit charge ("private bytes"): 60M, peak: 440M

vm_info: Java HotSpot(TM) 64-Bit Server VM (21.0.7+8-LTS-245) for windows-amd64 JRE (21.0.7+8-LTS-245), built on 2025-02-21T05:11:27Z by "mach5one" with MS VC++ 17.6 (VS2022)

END.
